0 info it worked if it ends with ok
1 verbose cli [ '/usr/bin/nodejs', '/usr/bin/npm', 'link', 'nodemon' ]
2 info using npm@3.5.2
3 info using node@v4.2.6
4 verbose link symlinking /usr/local/lib/node_modules/nodemon to /home/chakresh/Documents/RESTApp/node_modules/nodemon
5 silly gentlyRm /home/chakresh/Documents/RESTApp/node_modules/nodemon is being purged
6 verbose gentlyRm don't care about contents; nuking /home/chakresh/Documents/RESTApp/node_modules/nodemon
7 silly vacuum-fs purging /home/chakresh/Documents/RESTApp/node_modules/nodemon
8 verbose stack Error: EACCES: permission denied, unlink '/home/chakresh/Documents/RESTApp/node_modules/nodemon'
8 verbose stack     at Error (native)
9 verbose cwd /home/chakresh/Documents/RESTApp
10 error Linux 4.4.0-45-generic
11 error argv "/usr/bin/nodejs" "/usr/bin/npm" "link" "nodemon"
12 error node v4.2.6
13 error npm  v3.5.2
14 error path /home/chakresh/Documents/RESTApp/node_modules/nodemon
15 error code EACCES
16 error errno -13
17 error syscall unlink
18 error Error: EACCES: permission denied, unlink '/home/chakresh/Documents/RESTApp/node_modules/nodemon'
18 error     at Error (native)
18 error  { [Error: EACCES: permission denied, unlink '/home/chakresh/Documents/RESTApp/node_modules/nodemon']
18 error   errno: -13,
18 error   code: 'EACCES',
18 error   syscall: 'unlink',
18 error   path: '/home/chakresh/Documents/RESTApp/node_modules/nodemon' }
19 error Please try running this command again as root/Administrator.
20 verbose exit [ -13, true ]
